<?xml version="1.0" encoding="UTF-8"?>
<!-- Generated by org.testng.reporters.JUnitReportReporter -->
<testsuite hostname="Gerard" failures="0" tests="1" name="TestNGAnnotations" time="22.679" errors="0" timestamp="2022-06-29T09:17:12 CDT" skipped="0">
  <testcase classname="TestNGAnnotations" name="login" time="22.679"/>
  <system-out/>
</testsuite> <!-- TestNGAnnotations -->
