<?xml version="1.0" encoding="UTF-8"?>
<!-- Generated by org.testng.reporters.JUnitReportReporter -->
<testsuite hostname="Gerard" failures="0" tests="1" name="concepts.TestNG" time="17.272" errors="0" timestamp="2022-06-28T09:44:57 CDT" skipped="0">
  <testcase classname="concepts.TestNG" name="login" time="17.272"/>
  <system-out/>
</testsuite> <!-- concepts.TestNG -->
